Using pre-set license
Built from '2022.2/staging' branch; Version is '2022.2.17f1 (54cb9bda89c4) revision 5557147'; Using compiler version '192829333'; Build Type 'Release'
OS: 'Windows 10  (10.0.19045) 64bit CoreSingleLanguage' Language: 'es' Physical Memory: 16177 MB
BatchMode: 1, IsHumanControllingUs: 0, StartBugReporterOnCrash: 0, Is64bit: 1, IsPro: 1

COMMAND LINE ARGUMENTS:
C:\Program Files\Unity\Hub\Editor\2022.2.17f1\Editor\Unity.exe
-adb2
-batchMode
-noUpm
-name
AssetImportWorker2
-projectPath
D:/LENGUAJES_DE_PROGRAMACION/Unity/Lora_chan_AI
-logFile
Logs/AssetImportWorker2.log
-srvPort
50437
Successfully changed project path to: D:/LENGUAJES_DE_PROGRAMACION/Unity/Lora_chan_AI
D:/LENGUAJES_DE_PROGRAMACION/Unity/Lora_chan_AI
[UnityMemory] Configuration Parameters - Can be set up in boot.config
    "memorysetup-bucket-allocator-granularity=16"
    "memorysetup-bucket-allocator-bucket-count=8"
    "memorysetup-bucket-allocator-block-size=33554432"
    "memorysetup-bucket-allocator-block-count=8"
    "memorysetup-main-allocator-block-size=16777216"
    "memorysetup-thread-allocator-block-size=16777216"
    "memorysetup-gfx-main-allocator-block-size=16777216"
    "memorysetup-gfx-thread-allocator-block-size=16777216"
    "memorysetup-cache-allocator-block-size=4194304"
    "memorysetup-typetree-allocator-block-size=2097152"
    "memorysetup-profiler-bucket-allocator-granularity=16"
    "memorysetup-profiler-bucket-allocator-bucket-count=8"
    "memorysetup-profiler-bucket-allocator-block-size=33554432"
    "memorysetup-profiler-bucket-allocator-block-count=8"
    "memorysetup-profiler-allocator-block-size=16777216"
    "memorysetup-profiler-editor-allocator-block-size=1048576"
    "memorysetup-temp-allocator-size-main=16777216"
    "memorysetup-job-temp-allocator-block-size=2097152"
    "memorysetup-job-temp-allocator-block-size-background=1048576"
    "memorysetup-job-temp-allocator-reduction-small-platforms=262144"
    "memorysetup-temp-allocator-size-background-worker=32768"
    "memorysetup-temp-allocator-size-job-worker=262144"
    "memorysetup-temp-allocator-size-preload-manager=33554432"
    "memorysetup-temp-allocator-size-nav-mesh-worker=65536"
    "memorysetup-temp-allocator-size-audio-worker=65536"
    "memorysetup-temp-allocator-size-cloud-worker=32768"
    "memorysetup-temp-allocator-size-gi-baking-worker=262144"
    "memorysetup-temp-allocator-size-gfx=262144"
Player connection [92] Host "[IP] 192.168.0.7 [Port] 0 [Flags] 2 [Guid] 3974833522 [EditorId] 3974833522 [Version] 1048832 [Id] WindowsEditor(7,DESKTOP-1OC5PN7) [Debug] 1 [PackageName] WindowsEditor [ProjectName] Editor" joined multi-casting on [225.0.0.222:54997]...

Player connection [92] Host "[IP] 192.168.0.7 [Port] 0 [Flags] 2 [Guid] 3974833522 [EditorId] 3974833522 [Version] 1048832 [Id] WindowsEditor(7,DESKTOP-1OC5PN7) [Debug] 1 [PackageName] WindowsEditor [ProjectName] Editor" joined alternative multi-casting on [225.0.0.222:34997]...

Refreshing native plugins compatible for Editor in 14.34 ms, found 3 plugins.
Preloading 0 native plugins for Editor in 0.00 ms.
Initialize engine version: 2022.2.17f1 (54cb9bda89c4)
[Subsystems] Discovering subsystems at path C:/Program Files/Unity/Hub/Editor/2022.2.17f1/Editor/Data/Resources/UnitySubsystems
[Subsystems] Discovering subsystems at path D:/LENGUAJES_DE_PROGRAMACION/Unity/Lora_chan_AI/Assets
GfxDevice: creating device client; threaded=0; jobified=0
Direct3D:
    Version:  Direct3D 11.0 [level 11.1]
    Renderer: NVIDIA GeForce GTX 1650 Ti (ID=0x1f95)
    Vendor:   NVIDIA
    VRAM:     3949 MB
    Driver:   31.0.15.3141
Initialize mono
Mono path[0] = 'C:/Program Files/Unity/Hub/Editor/2022.2.17f1/Editor/Data/Managed'
Mono path[1] = 'C:/Program Files/Unity/Hub/Editor/2022.2.17f1/Editor/Data/MonoBleedingEdge/lib/mono/unityjit-win32'
Mono config path = 'C:/Program Files/Unity/Hub/Editor/2022.2.17f1/Editor/Data/MonoBleedingEdge/etc'
Using monoOptions --debugger-agent=transport=dt_socket,embedding=1,server=y,suspend=n,address=127.0.0.1:56952
Begin MonoManager ReloadAssembly
Registering precompiled unity dll's ...
Register platform support module: C:/Program Files/Unity/Hub/Editor/2022.2.17f1/Editor/Data/PlaybackEngines/WindowsStandaloneSupport/UnityEditor.WindowsStandalone.Extensions.dll
Registered in 0.014826 seconds.
- Loaded All Assemblies, in  0.436 seconds
Native extension for WindowsStandalone target not found
Mono: successfully reloaded assembly
- Finished resetting the current domain, in  0.306 seconds
Domain Reload Profiling:
	ReloadAssembly (275ms)
		BeginReloadAssembly (139ms)
			ExecutionOrderSort (0ms)
			DisableScriptedObjects (0ms)
			BackupInstance (0ms)
			ReleaseScriptingObjects (0ms)
			CreateAndSetChildDomain (1ms)
		LoadAllAssembliesAndSetupDomain (0ms)
			LoadAssemblies (135ms)
			RebuildTransferFunctionScriptingTraits (0ms)
			SetupTypeCache (147ms)
				TypeCache.Initialize (146ms)
					TypeCache.ScanAssembly (145ms)
				ResolveRequiredComponents (1ms)
		FinalizeReload (0ms)
			ReleaseScriptCaches (0ms)
			RebuildScriptCaches (0ms)
			SetupLoadedEditorAssemblies (239ms)
				LogAssemblyErrors (0ms)
				InitializePlatformSupportModulesInManaged (13ms)
				SetLoadedEditorAssemblies (8ms)
				RefreshPlugins (0ms)
				BeforeProcessingInitializeOnLoad (1ms)
				ProcessInitializeOnLoadAttributes (163ms)
				ProcessInitializeOnLoadMethodAttributes (54ms)
				AfterProcessingInitializeOnLoad (0ms)
				EditorAssembliesLoaded (0ms)
			ExecutionOrderSort2 (0ms)
			AwakeInstancesAfterBackupRestoration (0ms)
========================================================================
Worker process is ready to serve import requests
Begin MonoManager ReloadAssembly
Symbol file LoadedFromMemory doesn't match image D:\LENGUAJES_DE_PROGRAMACION\Unity\Lora_chan_AI\Library\PackageCache\com.unity.visualscripting@1.8.0\Editor\VisualScripting.Core\Dependencies\YamlDotNet\Unity.VisualScripting.YamlDotNet.dll
Symbol file LoadedFromMemory doesn't match image D:\LENGUAJES_DE_PROGRAMACION\Unity\Lora_chan_AI\Library\PackageCache\com.unity.visualscripting@1.8.0\Editor\VisualScripting.Core\Dependencies\DotNetZip\Unity.VisualScripting.IonicZip.dll
- Loaded All Assemblies, in  0.845 seconds
Refreshing native plugins compatible for Editor in 2.65 ms, found 3 plugins.
Native extension for WindowsStandalone target not found
Mono: successfully reloaded assembly
- Finished resetting the current domain, in  0.598 seconds
Domain Reload Profiling:
	ReloadAssembly (242ms)
		BeginReloadAssembly (144ms)
			ExecutionOrderSort (0ms)
			DisableScriptedObjects (6ms)
			BackupInstance (0ms)
			ReleaseScriptingObjects (0ms)
			CreateAndSetChildDomain (23ms)
		LoadAllAssembliesAndSetupDomain (600ms)
			LoadAssemblies (294ms)
			RebuildTransferFunctionScriptingTraits (0ms)
			SetupTypeCache (376ms)
				TypeCache.Initialize (348ms)
					TypeCache.ScanAssembly (343ms)
				ResolveRequiredComponents (5ms)
		FinalizeReload (0ms)
			ReleaseScriptCaches (0ms)
			RebuildScriptCaches (0ms)
			SetupLoadedEditorAssemblies (408ms)
				LogAssemblyErrors (0ms)
				InitializePlatformSupportModulesInManaged (9ms)
				SetLoadedEditorAssemblies (4ms)
				RefreshPlugins (0ms)
				BeforeProcessingInitializeOnLoad (70ms)
				ProcessInitializeOnLoadAttributes (290ms)
				ProcessInitializeOnLoadMethodAttributes (19ms)
				AfterProcessingInitializeOnLoad (15ms)
				EditorAssembliesLoaded (0ms)
			ExecutionOrderSort2 (0ms)
			AwakeInstancesAfterBackupRestoration (9ms)
Shader 'VRM10/Universal Render Pipeline/MToon10': fallback shader 'Hidden/Universal Render Pipeline/FallbackError' not found
Shader 'VRM10/Universal Render Pipeline/MToon10': fallback shader 'Hidden/Universal Render Pipeline/FallbackError' not found
Launched and connected shader compiler UnityShaderCompiler.exe after 0.06 seconds
Refreshing native plugins compatible for Editor in 4.44 ms, found 3 plugins.
Preloading 0 native plugins for Editor in 0.00 ms.
Unloading 3857 Unused Serialized files (Serialized files now loaded: 0)
Unloading 37 unused Assets / (159.9 KB). Loaded Objects now: 4322.
Memory consumption went from 127.1 MB to 127.0 MB.
Total: 6.640400 ms (FindLiveObjects: 0.524300 ms CreateObjectMapping: 0.940700 ms MarkObjects: 4.928700 ms  DeleteObjects: 0.245200 ms)

AssetImportParameters requested are different than current active one (requested -> active):
  custom:container-demuxer-ogg: 62fdf1f143b41e24485cea50d1cbac27 -> 
  custom:video-codec-MediaFoundation-h265: 746d11721c4dcdbdad8f713fa42b33f4 -> 
  custom:video-decoder-ogg-theora: a1e56fd34408186e4bbccfd4996cb3dc -> 
  custom:framework-win-MediaFoundation: 216162199b28c13a410421893ffa2e32 -> 
  custom:container-demuxer-webm: 4f35f7cbe854078d1ac9338744f61a02 -> 
  custom:container-muxer-webm: aa71ff27fc2769a1b78a27578f13a17b -> 
  custom:video-decoder-webm-vp8: 9c59270c3fd7afecdb556c50c9e8de78 -> 
  custom:AudioImporter_EditorPlatform: d09bf68614088b80899f8185d706f6e7 -> 
  custom:video-encoder-webm-vp8: eb34c28f22e8b96e1ab97ce403110664 -> 
  custom:audio-decoder-ogg-vorbis: bf7c407c2cedff20999df2af8eb42d56 -> 
  custom:audio-encoder-webm-vorbis: bf7c407c2cedff20999df2af8eb42d56 -> 
========================================================================
Received Import Request.
  Time since last request: 6722.389111 seconds.
  path: Assets/Lora/lora_briave.Materials/F00_000_00_FaceBrow_00_FACE.asset
  artifactKey: Guid(500c419d6fdae9042ad353b79727ecae) Importer(815301076,1909f56bfc062723c751e8b465ee728b)
Start importing Assets/Lora/lora_briave.Materials/F00_000_00_FaceBrow_00_FACE.asset using Guid(500c419d6fdae9042ad353b79727ecae) Importer(815301076,1909f56bfc062723c751e8b465ee728b)  -> (artifact id: '25bb96ef59b86b217dbad444f840be77') in 0.247920 seconds
Number of updated asset objects reloaded before import = 0
Number of asset objects unloaded after import = 4
========================================================================
Received Import Request.
  Time since last request: 0.234771 seconds.
  path: Assets/Lora/lora_briave.Materials/F00_000_00_FaceEyeline_00_FACE.asset
  artifactKey: Guid(0dd39f3f82416bf44bba3d4dfe4238ee) Importer(815301076,1909f56bfc062723c751e8b465ee728b)
Start importing Assets/Lora/lora_briave.Materials/F00_000_00_FaceEyeline_00_FACE.asset using Guid(0dd39f3f82416bf44bba3d4dfe4238ee) Importer(815301076,1909f56bfc062723c751e8b465ee728b)  -> (artifact id: 'df69e5fc6e34b6ab786d16780f9fabc6') in 0.047430 seconds
Number of updated asset objects reloaded before import = 0
Number of asset objects unloaded after import = 5
========================================================================
Received Import Request.
  Time since last request: 0.011989 seconds.
  path: Assets/Lora/lora_briave.Materials/F00_000_Hair_00_HAIR_02.asset
  artifactKey: Guid(d8c5369abc3a17e419ca124d103bbcc7) Importer(815301076,1909f56bfc062723c751e8b465ee728b)
Start importing Assets/Lora/lora_briave.Materials/F00_000_Hair_00_HAIR_02.asset using Guid(d8c5369abc3a17e419ca124d103bbcc7) Importer(815301076,1909f56bfc062723c751e8b465ee728b)  -> (artifact id: '7ada7ecf758dcc4944a2858fe0c8f9c3') in 0.081891 seconds
Number of updated asset objects reloaded before import = 0
Number of asset objects unloaded after import = 5
========================================================================
Received Import Request.
  Time since last request: 0.119954 seconds.
  path: Assets/Lora/lora_briave.Materials/F00_001_01_Accessory_Tie_01_CLOTH.asset
  artifactKey: Guid(4e694f02b67546f4ca21324c0408bdbc) Importer(815301076,1909f56bfc062723c751e8b465ee728b)
Start importing Assets/Lora/lora_briave.Materials/F00_001_01_Accessory_Tie_01_CLOTH.asset using Guid(4e694f02b67546f4ca21324c0408bdbc) Importer(815301076,1909f56bfc062723c751e8b465ee728b)  -> (artifact id: 'de0b238429e51bdec85a7e55006f248c') in 0.037995 seconds
Number of updated asset objects reloaded before import = 0
Number of asset objects unloaded after import = 5
========================================================================
Received Import Request.
  Time since last request: 0.000026 seconds.
  path: Assets/Lora/lora_briave.Materials/F00_001_01_Shoes_01_CLOTH.asset
  artifactKey: Guid(5051a0c1c6f4f4b46b3c8b98c6ee75c7) Importer(815301076,1909f56bfc062723c751e8b465ee728b)
Start importing Assets/Lora/lora_briave.Materials/F00_001_01_Shoes_01_CLOTH.asset using Guid(5051a0c1c6f4f4b46b3c8b98c6ee75c7) Importer(815301076,1909f56bfc062723c751e8b465ee728b)  -> (artifact id: 'a5e579512c729e7dabdb28b2badcd132') in 0.099093 seconds
Number of updated asset objects reloaded before import = 0
Number of asset objects unloaded after import = 5
========================================================================
Received Import Request.
  Time since last request: 0.066911 seconds.
  path: Assets/Lora/lora_briave.Materials/F00_001_02_Tops_01_CLOTH.asset
  artifactKey: Guid(2d417956f6be3cb468f08d2be10b4c5b) Importer(815301076,1909f56bfc062723c751e8b465ee728b)
Start importing Assets/Lora/lora_briave.Materials/F00_001_02_Tops_01_CLOTH.asset using Guid(2d417956f6be3cb468f08d2be10b4c5b) Importer(815301076,1909f56bfc062723c751e8b465ee728b)  -> (artifact id: 'e90463df9acad3f599061ac42dc7a52c') in 0.046847 seconds
Number of updated asset objects reloaded before import = 0
Number of asset objects unloaded after import = 5
========================================================================
Received Import Request.
  Time since last request: 0.021132 seconds.
  path: Assets/UniGLTF/Editor/UniGLTF/Gizmo/Models/HoverBone.mat
  artifactKey: Guid(3074a2fc6fdd2f24d896038be6eebe6a) Importer(815301076,1909f56bfc062723c751e8b465ee728b)
Start importing Assets/UniGLTF/Editor/UniGLTF/Gizmo/Models/HoverBone.mat using Guid(3074a2fc6fdd2f24d896038be6eebe6a) Importer(815301076,1909f56bfc062723c751e8b465ee728b)  -> (artifact id: '6d8a0bdb10f07f82a6e07d7ddfa30942') in 0.015392 seconds
Number of updated asset objects reloaded before import = 0
Number of asset objects unloaded after import = 1
========================================================================
Received Import Request.
  Time since last request: 0.008101 seconds.
  path: Assets/UniGLTF/Runtime/Scenes/LookDev/cubemap/moonless_golf_1k.mat
  artifactKey: Guid(278bbe09e9700354691bb32aa1a7af37) Importer(815301076,1909f56bfc062723c751e8b465ee728b)
Start importing Assets/UniGLTF/Runtime/Scenes/LookDev/cubemap/moonless_golf_1k.mat using Guid(278bbe09e9700354691bb32aa1a7af37) Importer(815301076,1909f56bfc062723c751e8b465ee728b)  -> (artifact id: '232b1499cd14bad786f6c453e022cede') in 0.139603 seconds
Number of updated asset objects reloaded before import = 0
Number of asset objects unloaded after import = 2
========================================================================
Received Import Request.
  Time since last request: 0.016262 seconds.
  path: Assets/VRM/Tests/SampleTests/Resources/Materials/mtoon_opaque.mat
  artifactKey: Guid(f58e604715b8c284c8e0caa2eb5be2db) Importer(815301076,1909f56bfc062723c751e8b465ee728b)
Start importing Assets/VRM/Tests/SampleTests/Resources/Materials/mtoon_opaque.mat using Guid(f58e604715b8c284c8e0caa2eb5be2db) Importer(815301076,1909f56bfc062723c751e8b465ee728b)  -> (artifact id: '64592a9f6bcce5ac84a234bab908597a') in 0.196866 seconds
Number of updated asset objects reloaded before import = 0
Number of asset objects unloaded after import = 1
========================================================================
Received Import Request.
  Time since last request: 0.000101 seconds.
  path: Assets/UniGLTF/Tests/UniGLTF/New Material.mat
  artifactKey: Guid(2bee542ea956d7848839c287becc4806) Importer(815301076,1909f56bfc062723c751e8b465ee728b)
Start importing Assets/UniGLTF/Tests/UniGLTF/New Material.mat using Guid(2bee542ea956d7848839c287becc4806) Importer(815301076,1909f56bfc062723c751e8b465ee728b)  -> (artifact id: '9ee9277497651da60267f7c4b48371cb') in 0.017834 seconds
Number of updated asset objects reloaded before import = 0
Number of asset objects unloaded after import = 1
========================================================================
Received Import Request.
  Time since last request: 0.000018 seconds.
  path: Assets/VRM10/Tests/TestAssets/TestUnlitTexture.mat
  artifactKey: Guid(618c113d7622d0e4f9a08d1180ea4c18) Importer(815301076,1909f56bfc062723c751e8b465ee728b)
Start importing Assets/VRM10/Tests/TestAssets/TestUnlitTexture.mat using Guid(618c113d7622d0e4f9a08d1180ea4c18) Importer(815301076,1909f56bfc062723c751e8b465ee728b)  -> (artifact id: 'fee1007068f7c1b70f10a395f72dc830') in 0.050397 seconds
Number of updated asset objects reloaded before import = 0
Number of asset objects unloaded after import = 1
========================================================================
Received Import Request.
  Time since last request: 0.000015 seconds.
  path: Assets/UniGLTF/Runtime/Scenes/LookDev/cubemap/spruit_sunrise_1k.mat
  artifactKey: Guid(d6b534e4a88689d499df389f744ce346) Importer(815301076,1909f56bfc062723c751e8b465ee728b)
Start importing Assets/UniGLTF/Runtime/Scenes/LookDev/cubemap/spruit_sunrise_1k.mat using Guid(d6b534e4a88689d499df389f744ce346) Importer(815301076,1909f56bfc062723c751e8b465ee728b)  -> (artifact id: 'b5a5232449ec7b34a3f02cfabb621bbc') in 0.055006 seconds
Number of updated asset objects reloaded before import = 0
Number of asset objects unloaded after import = 2
========================================================================
Received Import Request.
  Time since last request: 0.000017 seconds.
  path: Assets/VRM10/Tests/TestAssets/TestUniUnlit.mat
  artifactKey: Guid(9f4a2b6e842dd8e419d0440cbb3f272d) Importer(815301076,1909f56bfc062723c751e8b465ee728b)
Start importing Assets/VRM10/Tests/TestAssets/TestUniUnlit.mat using Guid(9f4a2b6e842dd8e419d0440cbb3f272d) Importer(815301076,1909f56bfc062723c751e8b465ee728b)  -> (artifact id: 'fcea6c33b96be408f044efb6e63e14d2') in 0.047894 seconds
Number of updated asset objects reloaded before import = 0
Number of asset objects unloaded after import = 1
========================================================================
Received Import Request.
  Time since last request: 0.000018 seconds.
  path: Assets/VRM10/Tests/TestAssets/TestUnlitCutout.mat
  artifactKey: Guid(4fb31f9c7e0666b4bbfe0d6e3e8e147b) Importer(815301076,1909f56bfc062723c751e8b465ee728b)
Start importing Assets/VRM10/Tests/TestAssets/TestUnlitCutout.mat using Guid(4fb31f9c7e0666b4bbfe0d6e3e8e147b) Importer(815301076,1909f56bfc062723c751e8b465ee728b)  -> (artifact id: 'f9a9a81a27ce12a83031d59443bc7c42') in 0.007146 seconds
Number of updated asset objects reloaded before import = 0
Number of asset objects unloaded after import = 1
========================================================================
Received Import Request.
  Time since last request: 0.000015 seconds.
  path: Assets/UniGLTF/Editor/UniGLTF/Gizmo/Models/SelectedBone.mat
  artifactKey: Guid(dc0c884ca4cfbbd458f2350c25cb7e9d) Importer(815301076,1909f56bfc062723c751e8b465ee728b)
Start importing Assets/UniGLTF/Editor/UniGLTF/Gizmo/Models/SelectedBone.mat using Guid(dc0c884ca4cfbbd458f2350c25cb7e9d) Importer(815301076,1909f56bfc062723c751e8b465ee728b)  -> (artifact id: 'ffd37f7031a2a2a09325f499f3c00c86') in 0.013901 seconds
Number of updated asset objects reloaded before import = 0
Number of asset objects unloaded after import = 1
========================================================================
Received Import Request.
  Time since last request: 0.000020 seconds.
  path: Assets/VRM10/Tests/TestAssets/TestMToon.mat
  artifactKey: Guid(93bec9f866ef2fa4186c45f5b3868941) Importer(815301076,1909f56bfc062723c751e8b465ee728b)
Start importing Assets/VRM10/Tests/TestAssets/TestMToon.mat using Guid(93bec9f866ef2fa4186c45f5b3868941) Importer(815301076,1909f56bfc062723c751e8b465ee728b)  -> (artifact id: 'cbb7f31c2f8d374ccd2b33a4231e9418') in 0.017587 seconds
Number of updated asset objects reloaded before import = 0
Number of asset objects unloaded after import = 1
Editor requested this worker to shutdown with reason: Scaling down because of idle timeout
TcpMessagingSession - receive error: operation aborted. errorcode: 995, details: La operación de E/S se anuló por una salida de subproceso o por una solicitud de aplicación.
AssetImportWorker is now disconnected from the server
Process exiting
Exiting without the bug reporter. Application will terminate with return code 0